ui/build/intermediates/manifest_merge_blame_file/release/processReleaseMainManifest/manifest-merger-blame-release-report.txt
1<?xml version="1.0" encoding="utf-8"?>
2<manifest xmlns:android="http://schemas.android.com/apk/res/android"
3    package="pw.idrug.connections"
4    android:installLocation="internalOnly"
5    android:versionCode="5"
6    android:versionName="1.1.2" >
7
8    <uses-sdk
9        android:minSdkVersion="24"
10        android:targetSdkVersion="34" />
11
12    <uses-permission android:name="android.permission.REQUEST_INSTALL_PACKAGES" />
12-->src/main/AndroidManifest.xml:6:5-83
12-->src/main/AndroidManifest.xml:6:22-80
13    <uses-permission android:name="android.permission.CAMERA" />
13-->src/main/AndroidManifest.xml:7:5-65
13-->src/main/AndroidManifest.xml:7:22-62
14    <uses-permission android:name="android.permission.INTERNET" />
14-->src/main/AndroidManifest.xml:8:5-67
14-->src/main/AndroidManifest.xml:8:22-64
15    <uses-permission android:name="android.permission.RECEIVE_BOOT_COMPLETED" />
15-->src/main/AndroidManifest.xml:9:5-81
15-->src/main/AndroidManifest.xml:9:22-78
16    <uses-permission android:name="android.permission.POST_NOTIFICATIONS" />
16-->src/main/AndroidManifest.xml:10:5-77
16-->src/main/AndroidManifest.xml:10:22-74
17    <uses-permission
17-->src/main/AndroidManifest.xml:11:5-13:38
18        android:name="android.permission.SYSTEM_ALERT_WINDOW"
18-->src/main/AndroidManifest.xml:12:9-62
19        android:minSdkVersion="34" />
19-->src/main/AndroidManifest.xml:13:9-35
20    <uses-permission
20-->src/main/AndroidManifest.xml:14:5-17:40
21        android:name="android.permission.WRITE_EXTERNAL_STORAGE"
21-->src/main/AndroidManifest.xml:15:9-65
22        android:maxSdkVersion="28" />
22-->src/main/AndroidManifest.xml:16:9-35
23
24    <uses-feature
24-->src/main/AndroidManifest.xml:19:5-21:36
25        android:name="android.hardware.touchscreen"
25-->src/main/AndroidManifest.xml:20:9-52
26        android:required="false" />
26-->src/main/AndroidManifest.xml:21:9-33
27    <uses-feature
27-->src/main/AndroidManifest.xml:22:5-24:36
28        android:name="android.software.leanback"
28-->src/main/AndroidManifest.xml:23:9-49
29        android:required="false" />
29-->src/main/AndroidManifest.xml:24:9-33
30    <uses-feature
30-->src/main/AndroidManifest.xml:25:5-27:36
31        android:name="android.hardware.camera.any"
31-->src/main/AndroidManifest.xml:26:9-51
32        android:required="false" />
32-->src/main/AndroidManifest.xml:27:9-33
33    <uses-feature
33-->src/main/AndroidManifest.xml:28:5-30:36
34        android:name="android.hardware.camera"
34-->src/main/AndroidManifest.xml:29:9-47
35        android:required="false" />
35-->src/main/AndroidManifest.xml:30:9-33
36
37    <permission
38        android:name="pw.idrug.connections.permission.CONTROL_TUNNELS"
38-->src/main/AndroidManifest.xml:33:9-67
39        android:description="@string/permission_description"
39-->src/main/AndroidManifest.xml:34:9-61
40        android:icon="@mipmap/ic_launcher"
40-->src/main/AndroidManifest.xml:35:9-43
41        android:label="@string/permission_label"
41-->src/main/AndroidManifest.xml:36:9-49
42        android:protectionLevel="dangerous" />
42-->src/main/AndroidManifest.xml:37:9-44
43
44    <queries>
44-->src/main/AndroidManifest.xml:209:5-214:15
45        <intent>
45-->src/main/AndroidManifest.xml:210:9-213:18
46            <action android:name="android.intent.action.MAIN" />
46-->src/main/AndroidManifest.xml:63:17-69
46-->src/main/AndroidManifest.xml:63:25-66
47
48            <category android:name="android.intent.category.LAUNCHER" />
48-->src/main/AndroidManifest.xml:64:17-77
48-->src/main/AndroidManifest.xml:64:27-74
49        </intent>
50    </queries>
51
52    <uses-permission android:name="android.permission.USE_BIOMETRIC" /> <!-- suppress DeprecatedClassUsageInspection -->
52-->[androidx.biometric:biometric:1.1.0] AndroidManifest.xml:24:5-72
52-->[androidx.biometric:biometric:1.1.0] AndroidManifest.xml:24:22-69
53    <uses-permission android:name="android.permission.USE_FINGERPRINT" />
53-->[androidx.biometric:biometric:1.1.0] AndroidManifest.xml:27:5-74
53-->[androidx.biometric:biometric:1.1.0] AndroidManifest.xml:27:22-71
54    <uses-permission android:name="android.permission.ACCESS_NETWORK_STATE" />
54-->[com.google.firebase:firebase-messaging:23.4.1] AndroidManifest.xml:22:5-79
54-->[com.google.firebase:firebase-messaging:23.4.1] AndroidManifest.xml:22:22-76
55    <uses-permission android:name="android.permission.WAKE_LOCK" /> <!-- Required by older versions of Google Play services to create IID tokens -->
55-->[com.google.firebase:firebase-messaging:23.4.1] AndroidManifest.xml:24:5-68
55-->[com.google.firebase:firebase-messaging:23.4.1] AndroidManifest.xml:24:22-65
56    <uses-permission android:name="com.google.android.c2dm.permission.RECEIVE" />
56-->[com.google.firebase:firebase-messaging:23.4.1] AndroidManifest.xml:26:5-82
56-->[com.google.firebase:firebase-messaging:23.4.1] AndroidManifest.xml:26:22-79
57    <uses-permission android:name="com.google.android.finsky.permission.BIND_GET_INSTALL_REFERRER_SERVICE" />
57-->[com.google.android.gms:play-services-measurement:21.5.1] AndroidManifest.xml:26:5-110
57-->[com.google.android.gms:play-services-measurement:21.5.1] AndroidManifest.xml:26:22-107
58    <uses-permission android:name="com.google.android.gms.permission.AD_ID" />
58-->[com.google.android.gms:play-services-measurement-api:21.5.1] AndroidManifest.xml:25:5-79
58-->[com.google.android.gms:play-services-measurement-api:21.5.1] AndroidManifest.xml:25:22-76
59    <uses-permission android:name="android.permission.ACCESS_ADSERVICES_ATTRIBUTION" />
59-->[com.google.android.gms:play-services-measurement-api:21.5.1] AndroidManifest.xml:26:5-88
59-->[com.google.android.gms:play-services-measurement-api:21.5.1] AndroidManifest.xml:26:22-85
60    <uses-permission android:name="android.permission.ACCESS_ADSERVICES_AD_ID" />
60-->[com.google.android.gms:play-services-measurement-api:21.5.1] AndroidManifest.xml:27:5-82
60-->[com.google.android.gms:play-services-measurement-api:21.5.1] AndroidManifest.xml:27:22-79
61
62    <permission
62-->[androidx.core:core:1.12.0] AndroidManifest.xml:22:5-24:47
63        android:name="pw.idrug.connections.DYNAMIC_RECEIVER_NOT_EXPORTED_PERMISSION"
63-->[androidx.core:core:1.12.0] AndroidManifest.xml:23:9-81
64        android:protectionLevel="signature" />
64-->[androidx.core:core:1.12.0] AndroidManifest.xml:24:9-44
65
66    <uses-permission android:name="pw.idrug.connections.DYNAMIC_RECEIVER_NOT_EXPORTED_PERMISSION" />
66-->[androidx.core:core:1.12.0] AndroidManifest.xml:26:5-97
66-->[androidx.core:core:1.12.0] AndroidManifest.xml:26:22-94
67
68    <uses-feature
68-->[com.journeyapps:zxing-android-embedded:4.3.0] AndroidManifest.xml:28:5-30:36
69        android:name="android.hardware.camera.front"
69-->[com.journeyapps:zxing-android-embedded:4.3.0] AndroidManifest.xml:29:9-53
70        android:required="false" /> <!-- TODO replace above two with next line after Android 4.2 -->
70-->[com.journeyapps:zxing-android-embedded:4.3.0] AndroidManifest.xml:30:9-33
71    <!-- <uses-feature android:name="android.hardware.camera.any"/> -->
72    <uses-feature
72-->[com.journeyapps:zxing-android-embedded:4.3.0] AndroidManifest.xml:33:5-35:36
73        android:name="android.hardware.camera.autofocus"
73-->[com.journeyapps:zxing-android-embedded:4.3.0] AndroidManifest.xml:34:9-57
74        android:required="false" />
74-->[com.journeyapps:zxing-android-embedded:4.3.0] AndroidManifest.xml:35:9-33
75    <uses-feature
75-->[com.journeyapps:zxing-android-embedded:4.3.0] AndroidManifest.xml:36:5-38:36
76        android:name="android.hardware.camera.flash"
76-->[com.journeyapps:zxing-android-embedded:4.3.0] AndroidManifest.xml:37:9-53
77        android:required="false" />
77-->[com.journeyapps:zxing-android-embedded:4.3.0] AndroidManifest.xml:38:9-33
78    <uses-feature
78-->[com.journeyapps:zxing-android-embedded:4.3.0] AndroidManifest.xml:39:5-41:36
79        android:name="android.hardware.screen.landscape"
79-->[com.journeyapps:zxing-android-embedded:4.3.0] AndroidManifest.xml:40:9-57
80        android:required="false" />
80-->[com.journeyapps:zxing-android-embedded:4.3.0] AndroidManifest.xml:41:9-33
81    <uses-feature
81-->[com.journeyapps:zxing-android-embedded:4.3.0] AndroidManifest.xml:42:5-44:36
82        android:name="android.hardware.wifi"
82-->[com.journeyapps:zxing-android-embedded:4.3.0] AndroidManifest.xml:43:9-45
83        android:required="false" />
83-->[com.journeyapps:zxing-android-embedded:4.3.0] AndroidManifest.xml:44:9-33
84
85    <application
85-->src/main/AndroidManifest.xml:39:5-207:19
86        android:name="pw.idrug.connections.Application"
86-->src/main/AndroidManifest.xml:40:9-36
87        android:allowBackup="false"
87-->src/main/AndroidManifest.xml:41:9-36
88        android:appComponentFactory="androidx.core.app.CoreComponentFactory"
88-->[androidx.core:core:1.12.0] AndroidManifest.xml:28:18-86
89        android:banner="@mipmap/banner"
89-->src/main/AndroidManifest.xml:42:9-40
90        android:enableOnBackInvokedCallback="true"
90-->src/main/AndroidManifest.xml:43:9-51
91        android:extractNativeLibs="false"
92        android:icon="@mipmap/ic_launcher"
92-->src/main/AndroidManifest.xml:44:9-43
93        android:label="@string/app_name"
93-->src/main/AndroidManifest.xml:45:9-41
94        android:localeConfig="@xml/_generated_res_locale_config"
95        android:roundIcon="@mipmap/ic_launcher_round"
95-->src/main/AndroidManifest.xml:46:9-54
96        android:supportsRtl="true"
96-->src/main/AndroidManifest.xml:47:9-35
97        android:theme="@style/AppTheme" >
97-->src/main/AndroidManifest.xml:48:9-40
98        <activity
98-->src/main/AndroidManifest.xml:50:9-53:56
99            android:name="pw.idrug.connections.activity.TunnelToggleActivity"
99-->src/main/AndroidManifest.xml:51:13-58
100            android:excludeFromRecents="true"
100-->src/main/AndroidManifest.xml:52:13-46
101            android:theme="@style/NoBackgroundTheme" />
101-->src/main/AndroidManifest.xml:53:13-53
102        <activity
102-->src/main/AndroidManifest.xml:55:9-57:40
103            android:name="pw.idrug.connections.activity.OnboardingActivity"
103-->src/main/AndroidManifest.xml:56:13-56
104            android:exported="false" />
104-->src/main/AndroidManifest.xml:57:13-37
105        <activity
105-->src/main/AndroidManifest.xml:58:9-66:20
106            android:name="pw.idrug.connections.activity.SplashActivity"
106-->src/main/AndroidManifest.xml:59:13-52
107            android:exported="true"
107-->src/main/AndroidManifest.xml:60:13-36
108            android:theme="@style/NoBackgroundTheme" >
108-->src/main/AndroidManifest.xml:61:13-53
109            <intent-filter>
109-->src/main/AndroidManifest.xml:62:13-65:29
110                <action android:name="android.intent.action.MAIN" />
110-->src/main/AndroidManifest.xml:63:17-69
110-->src/main/AndroidManifest.xml:63:25-66
111
112                <category android:name="android.intent.category.LAUNCHER" />
112-->src/main/AndroidManifest.xml:64:17-77
112-->src/main/AndroidManifest.xml:64:27-74
113            </intent-filter>
114        </activity>
115        <activity
115-->src/main/AndroidManifest.xml:68:9-87:20
116            android:name="pw.idrug.connections.activity.MainActivity"
116-->src/main/AndroidManifest.xml:69:13-50
117            android:exported="true" >
117-->src/main/AndroidManifest.xml:70:13-36
118            <intent-filter>
118-->src/main/AndroidManifest.xml:72:13-74:29
119                <action android:name="android.service.quicksettings.action.QS_TILE_PREFERENCES" />
119-->src/main/AndroidManifest.xml:73:17-99
119-->src/main/AndroidManifest.xml:73:25-96
120            </intent-filter>
121            <intent-filter>
121-->src/main/AndroidManifest.xml:75:13-80:17
122                <action android:name="android.intent.action.VIEW" />
122-->src/main/AndroidManifest.xml:76:5-57
122-->src/main/AndroidManifest.xml:76:13-54
123
124                <category android:name="android.intent.category.DEFAULT" />
124-->src/main/AndroidManifest.xml:77:5-64
124-->src/main/AndroidManifest.xml:77:15-61
125                <category android:name="android.intent.category.BROWSABLE" />
125-->src/main/AndroidManifest.xml:78:5-66
125-->src/main/AndroidManifest.xml:78:15-63
126
127                <data
127-->src/main/AndroidManifest.xml:79:5-55
128                    android:host="auth"
128-->src/main/AndroidManifest.xml:79:34-53
129                    android:scheme="idrug" />
129-->src/main/AndroidManifest.xml:79:11-33
130            </intent-filter>
131            <intent-filter>
131-->src/main/AndroidManifest.xml:81:13-86:29
132                <action android:name="android.intent.action.VIEW" />
132-->src/main/AndroidManifest.xml:76:5-57
132-->src/main/AndroidManifest.xml:76:13-54
133
134                <category android:name="android.intent.category.DEFAULT" />
134-->src/main/AndroidManifest.xml:77:5-64
134-->src/main/AndroidManifest.xml:77:15-61
135                <category android:name="android.intent.category.BROWSABLE" />
135-->src/main/AndroidManifest.xml:78:5-66
135-->src/main/AndroidManifest.xml:78:15-63
136
137                <data
137-->src/main/AndroidManifest.xml:79:5-55
138                    android:host="apps"
138-->src/main/AndroidManifest.xml:79:34-53
139                    android:scheme="idrug" />
139-->src/main/AndroidManifest.xml:79:11-33
140            </intent-filter>
141        </activity>
142
143        <provider
144            android:name="androidx.core.content.FileProvider"
144-->src/main/AndroidManifest.xml:90:5-54
145            android:authorities="pw.idrug.connections.provider"
145-->src/main/AndroidManifest.xml:91:5-52
146            android:exported="false"
146-->src/main/AndroidManifest.xml:92:5-29
147            android:grantUriPermissions="true" >
147-->src/main/AndroidManifest.xml:93:5-39
148            <meta-data
148-->src/main/AndroidManifest.xml:94:5-96:46
149                android:name="android.support.FILE_PROVIDER_PATHS"
149-->src/main/AndroidManifest.xml:95:9-59
150                android:resource="@xml/file_paths" />
150-->src/main/AndroidManifest.xml:96:9-43
151        </provider>
152
153        <activity
153-->src/main/AndroidManifest.xml:100:9-108:20
154            android:name="pw.idrug.connections.activity.TvEntryActivity"
154-->src/main/AndroidManifest.xml:101:13-53
155            android:exported="true"
155-->src/main/AndroidManifest.xml:102:13-36
156            android:theme="@style/TvTheme" >
156-->src/main/AndroidManifest.xml:103:13-43
157            <intent-filter>
157-->src/main/AndroidManifest.xml:104:13-107:29
158                <action android:name="android.intent.action.MAIN" />
158-->src/main/AndroidManifest.xml:63:17-69
158-->src/main/AndroidManifest.xml:63:25-66
159
160                <category android:name="android.intent.category.LEANBACK_LAUNCHER" />
160-->src/main/AndroidManifest.xml:106:17-86
160-->src/main/AndroidManifest.xml:106:27-83
161            </intent-filter>
162        </activity>
163        <activity
163-->src/main/AndroidManifest.xml:110:9-113:46
164            android:name="pw.idrug.connections.activity.ConfigListActivity"
164-->src/main/AndroidManifest.xml:111:13-56
165            android:exported="false"
165-->src/main/AndroidManifest.xml:112:13-37
166            android:theme="@style/TvTheme" />
166-->src/main/AndroidManifest.xml:113:13-43
167        <activity
167-->src/main/AndroidManifest.xml:115:9-118:67
168            android:name="pw.idrug.connections.activity.SettingsActivity"
168-->src/main/AndroidManifest.xml:116:13-54
169            android:label="@string/settings"
169-->src/main/AndroidManifest.xml:117:13-45
170            android:parentActivityName="pw.idrug.connections.activity.MainActivity" />
170-->src/main/AndroidManifest.xml:118:13-64
171        <activity
171-->src/main/AndroidManifest.xml:120:9-123:67
172            android:name="pw.idrug.connections.activity.TunnelCreatorActivity"
172-->src/main/AndroidManifest.xml:121:13-59
173            android:label="@string/create_activity_title"
173-->src/main/AndroidManifest.xml:122:13-58
174            android:parentActivityName="pw.idrug.connections.activity.MainActivity" />
174-->src/main/AndroidManifest.xml:123:13-64
175        <activity
175-->src/main/AndroidManifest.xml:125:9-128:49
176            android:name="com.journeyapps.barcodescanner.CaptureActivity"
176-->src/main/AndroidManifest.xml:126:13-74
177            android:clearTaskOnLaunch="true"
177-->[com.journeyapps:zxing-android-embedded:4.3.0] AndroidManifest.xml:49:13-45
178            android:screenOrientation="fullSensor"
178-->src/main/AndroidManifest.xml:127:13-51
179            android:stateNotNeeded="true"
179-->[com.journeyapps:zxing-android-embedded:4.3.0] AndroidManifest.xml:51:13-42
180            android:theme="@style/zxing_CaptureTheme"
180-->[com.journeyapps:zxing-android-embedded:4.3.0] AndroidManifest.xml:52:13-54
181            android:windowSoftInputMode="stateAlwaysHidden" />
181-->[com.journeyapps:zxing-android-embedded:4.3.0] AndroidManifest.xml:53:13-60
182        <activity
182-->src/main/AndroidManifest.xml:130:9-137:20
183            android:name="pw.idrug.connections.activity.LogViewerActivity"
183-->src/main/AndroidManifest.xml:131:13-55
184            android:exported="false"
184-->src/main/AndroidManifest.xml:132:13-37
185            android:label="@string/log_viewer_title" >
185-->src/main/AndroidManifest.xml:133:13-53
186            <intent-filter>
186-->src/main/AndroidManifest.xml:134:13-136:29
187                <action android:name="android.intent.action.MAIN" />
187-->src/main/AndroidManifest.xml:63:17-69
187-->src/main/AndroidManifest.xml:63:25-66
188            </intent-filter>
189        </activity>
190        <activity
190-->src/main/AndroidManifest.xml:139:9-143:67
191            android:name="pw.idrug.connections.activity.LinkCodeActivity"
191-->src/main/AndroidManifest.xml:140:13-54
192            android:exported="false"
192-->src/main/AndroidManifest.xml:141:13-37
193            android:label="@string/link_device"
193-->src/main/AndroidManifest.xml:142:13-48
194            android:parentActivityName="pw.idrug.connections.activity.MainActivity" />
194-->src/main/AndroidManifest.xml:143:13-64
195
196        <provider
197            android:name="pw.idrug.connections.activity.LogViewerActivity$ExportedLogContentProvider"
197-->src/main/AndroidManifest.xml:146:13-82
198            android:authorities="pw.idrug.connections.exported-log"
198-->src/main/AndroidManifest.xml:147:13-64
199            android:exported="false"
199-->src/main/AndroidManifest.xml:148:13-37
200            android:grantUriPermissions="true" />
200-->src/main/AndroidManifest.xml:149:13-47
201
202        <receiver
202-->src/main/AndroidManifest.xml:151:9-158:20
203            android:name="pw.idrug.connections.BootShutdownReceiver"
203-->src/main/AndroidManifest.xml:152:13-49
204            android:exported="true" >
204-->src/main/AndroidManifest.xml:153:13-36
205            <intent-filter>
205-->src/main/AndroidManifest.xml:154:13-157:29
206                <action android:name="android.intent.action.ACTION_SHUTDOWN" />
206-->src/main/AndroidManifest.xml:155:17-80
206-->src/main/AndroidManifest.xml:155:25-77
207                <action android:name="android.intent.action.BOOT_COMPLETED" />
207-->src/main/AndroidManifest.xml:156:17-79
207-->src/main/AndroidManifest.xml:156:25-76
208            </intent-filter>
209        </receiver>
210        <receiver
211            android:name="pw.idrug.connections.model.TunnelManager$IntentReceiver"
211-->src/main/AndroidManifest.xml:161:13-63
212            android:exported="true"
212-->src/main/AndroidManifest.xml:162:13-36
213            android:permission="pw.idrug.connections.permission.CONTROL_TUNNELS" >
213-->src/main/AndroidManifest.xml:163:13-77
214            <intent-filter>
214-->src/main/AndroidManifest.xml:164:13-168:29
215                <action android:name="pw.idrug.connections.action.REFRESH_TUNNEL_STATES" />
215-->src/main/AndroidManifest.xml:165:17-92
215-->src/main/AndroidManifest.xml:165:25-89
216                <action android:name="pw.idrug.connections.action.SET_TUNNEL_UP" />
216-->src/main/AndroidManifest.xml:166:17-84
216-->src/main/AndroidManifest.xml:166:25-81
217                <action android:name="pw.idrug.connections.action.SET_TUNNEL_DOWN" />
217-->src/main/AndroidManifest.xml:167:17-86
217-->src/main/AndroidManifest.xml:167:25-83
218            </intent-filter>
219        </receiver>
220
221        <service
221-->src/main/AndroidManifest.xml:171:9-188:19
222            android:name="pw.idrug.connections.QuickTileService"
222-->src/main/AndroidManifest.xml:172:13-45
223            android:exported="true"
223-->src/main/AndroidManifest.xml:173:13-36
224            android:icon="@drawable/ic_tile"
224-->src/main/AndroidManifest.xml:174:13-45
225            android:permission="android.permission.BIND_QUICK_SETTINGS_TILE" >
225-->src/main/AndroidManifest.xml:175:13-77
226            <intent-filter>
226-->src/main/AndroidManifest.xml:177:13-179:29
227                <action android:name="android.service.quicksettings.action.QS_TILE" />
227-->src/main/AndroidManifest.xml:178:17-87
227-->src/main/AndroidManifest.xml:178:25-84
228            </intent-filter>
229
230            <meta-data
230-->src/main/AndroidManifest.xml:181:13-183:41
231                android:name="android.service.quicksettings.ACTIVE_TILE"
231-->src/main/AndroidManifest.xml:182:17-73
232                android:value="false" />
232-->src/main/AndroidManifest.xml:183:17-38
233            <meta-data
233-->src/main/AndroidManifest.xml:185:13-187:40
234                android:name="android.service.quicksettings.TOGGLEABLE_TILE"
234-->src/main/AndroidManifest.xml:186:17-77
235                android:value="true" />
235-->src/main/AndroidManifest.xml:187:17-37
236        </service>
237        <service
237-->src/main/AndroidManifest.xml:190:9-196:19
238            android:name="pw.idrug.connections.MyFirebaseMessagingService"
238-->src/main/AndroidManifest.xml:191:13-55
239            android:exported="false" >
239-->src/main/AndroidManifest.xml:192:13-37
240            <intent-filter>
240-->src/main/AndroidManifest.xml:193:13-195:29
241                <action android:name="com.google.firebase.MESSAGING_EVENT" />
241-->src/main/AndroidManifest.xml:194:17-78
241-->src/main/AndroidManifest.xml:194:25-75
242            </intent-filter>
243        </service>
244
245        <meta-data
245-->src/main/AndroidManifest.xml:197:9-199:60
246            android:name="com.google.firebase.messaging.default_notification_icon"
246-->src/main/AndroidManifest.xml:198:13-83
247            android:resource="@drawable/ic_notification" />
247-->src/main/AndroidManifest.xml:199:13-57
248        <meta-data
248-->src/main/AndroidManifest.xml:200:9-202:51
249            android:name="com.google.firebase.messaging.default_notification_channel_id"
249-->src/main/AndroidManifest.xml:201:13-89
250            android:value="fcm_default_channel" />
250-->src/main/AndroidManifest.xml:202:13-48
251        <meta-data
251-->src/main/AndroidManifest.xml:204:9-206:56
252            android:name="android.content.APP_RESTRICTIONS"
252-->src/main/AndroidManifest.xml:205:13-60
253            android:resource="@xml/app_restrictions" />
253-->src/main/AndroidManifest.xml:206:13-53
254
255        <receiver
255-->[com.google.firebase:firebase-messaging:23.4.1] AndroidManifest.xml:29:9-40:20
256            android:name="com.google.firebase.iid.FirebaseInstanceIdReceiver"
256-->[com.google.firebase:firebase-messaging:23.4.1] AndroidManifest.xml:30:13-78
257            android:exported="true"
257-->[com.google.firebase:firebase-messaging:23.4.1] AndroidManifest.xml:31:13-36
258            android:permission="com.google.android.c2dm.permission.SEND" >
258-->[com.google.firebase:firebase-messaging:23.4.1] AndroidManifest.xml:32:13-73
259            <intent-filter>
259-->[com.google.firebase:firebase-messaging:23.4.1] AndroidManifest.xml:33:13-35:29
260                <action android:name="com.google.android.c2dm.intent.RECEIVE" />
260-->[com.google.firebase:firebase-messaging:23.4.1] AndroidManifest.xml:34:17-81
260-->[com.google.firebase:firebase-messaging:23.4.1] AndroidManifest.xml:34:25-78
261            </intent-filter>
262
263            <meta-data
263-->[com.google.firebase:firebase-messaging:23.4.1] AndroidManifest.xml:37:13-39:40
264                android:name="com.google.android.gms.cloudmessaging.FINISHED_AFTER_HANDLED"
264-->[com.google.firebase:firebase-messaging:23.4.1] AndroidManifest.xml:38:17-92
265                android:value="true" />
265-->[com.google.firebase:firebase-messaging:23.4.1] AndroidManifest.xml:39:17-37
266        </receiver>
267        <!--
268             FirebaseMessagingService performs security checks at runtime,
269             but set to not exported to explicitly avoid allowing another app to call it.
270        -->
271        <service
271-->[com.google.firebase:firebase-messaging:23.4.1] AndroidManifest.xml:46:9-53:19
272            android:name="com.google.firebase.messaging.FirebaseMessagingService"
272-->[com.google.firebase:firebase-messaging:23.4.1] AndroidManifest.xml:47:13-82
273            android:directBootAware="true"
273-->[com.google.firebase:firebase-messaging:23.4.1] AndroidManifest.xml:48:13-43
274            android:exported="false" >
274-->[com.google.firebase:firebase-messaging:23.4.1] AndroidManifest.xml:49:13-37
275            <intent-filter android:priority="-500" >
275-->src/main/AndroidManifest.xml:193:13-195:29
276                <action android:name="com.google.firebase.MESSAGING_EVENT" />
276-->src/main/AndroidManifest.xml:194:17-78
276-->src/main/AndroidManifest.xml:194:25-75
277            </intent-filter>
278        </service>
279        <service
279-->[com.google.firebase:firebase-messaging:23.4.1] AndroidManifest.xml:54:9-63:19
280            android:name="com.google.firebase.components.ComponentDiscoveryService"
280-->[com.google.firebase:firebase-messaging:23.4.1] AndroidManifest.xml:55:13-84
281            android:directBootAware="true"
281-->[com.google.firebase:firebase-common:20.4.2] AndroidManifest.xml:32:13-43
282            android:exported="false" >
282-->[com.google.firebase:firebase-messaging:23.4.1] AndroidManifest.xml:56:13-37
283            <meta-data
283-->[com.google.firebase:firebase-messaging:23.4.1] AndroidManifest.xml:57:13-59:85
284                android:name="com.google.firebase.components:com.google.firebase.messaging.FirebaseMessagingKtxRegistrar"
284-->[com.google.firebase:firebase-messaging:23.4.1] AndroidManifest.xml:58:17-122
285                android:value="com.google.firebase.components.ComponentRegistrar" />
285-->[com.google.firebase:firebase-messaging:23.4.1] AndroidManifest.xml:59:17-82
286            <meta-data
286-->[com.google.firebase:firebase-messaging:23.4.1] AndroidManifest.xml:60:13-62:85
287                android:name="com.google.firebase.components:com.google.firebase.messaging.FirebaseMessagingRegistrar"
287-->[com.google.firebase:firebase-messaging:23.4.1] AndroidManifest.xml:61:17-119
288                android:value="com.google.firebase.components.ComponentRegistrar" />
288-->[com.google.firebase:firebase-messaging:23.4.1] AndroidManifest.xml:62:17-82
289            <meta-data
289-->[com.google.android.gms:play-services-measurement-api:21.5.1] AndroidManifest.xml:37:13-39:85
290                android:name="com.google.firebase.components:com.google.firebase.analytics.connector.internal.AnalyticsConnectorRegistrar"
290-->[com.google.android.gms:play-services-measurement-api:21.5.1] AndroidManifest.xml:38:17-139
291                android:value="com.google.firebase.components.ComponentRegistrar" />
291-->[com.google.android.gms:play-services-measurement-api:21.5.1] AndroidManifest.xml:39:17-82
292            <meta-data
292-->[com.google.firebase:firebase-installations:17.2.0] AndroidManifest.xml:15:13-17:85
293                android:name="com.google.firebase.components:com.google.firebase.installations.FirebaseInstallationsKtxRegistrar"
293-->[com.google.firebase:firebase-installations:17.2.0] AndroidManifest.xml:16:17-130
294                android:value="com.google.firebase.components.ComponentRegistrar" />
294-->[com.google.firebase:firebase-installations:17.2.0] AndroidManifest.xml:17:17-82
295            <meta-data
295-->[com.google.firebase:firebase-installations:17.2.0] AndroidManifest.xml:18:13-20:85
296                android:name="com.google.firebase.components:com.google.firebase.installations.FirebaseInstallationsRegistrar"
296-->[com.google.firebase:firebase-installations:17.2.0] AndroidManifest.xml:19:17-127
297                android:value="com.google.firebase.components.ComponentRegistrar" />
297-->[com.google.firebase:firebase-installations:17.2.0] AndroidManifest.xml:20:17-82
298            <meta-data
298-->[com.google.firebase:firebase-common-ktx:20.4.2] AndroidManifest.xml:12:13-14:85
299                android:name="com.google.firebase.components:com.google.firebase.ktx.FirebaseCommonLegacyRegistrar"
299-->[com.google.firebase:firebase-common-ktx:20.4.2] AndroidManifest.xml:13:17-116
300                android:value="com.google.firebase.components.ComponentRegistrar" />
300-->[com.google.firebase:firebase-common-ktx:20.4.2] AndroidManifest.xml:14:17-82
301            <meta-data
301-->[com.google.firebase:firebase-common:20.4.2] AndroidManifest.xml:35:13-37:85
302                android:name="com.google.firebase.components:com.google.firebase.FirebaseCommonKtxRegistrar"
302-->[com.google.firebase:firebase-common:20.4.2] AndroidManifest.xml:36:17-109
303                android:value="com.google.firebase.components.ComponentRegistrar" />
303-->[com.google.firebase:firebase-common:20.4.2] AndroidManifest.xml:37:17-82
304            <meta-data